2025-02-16 00:46:03,251 - INFO - Using device: cpu
2025-02-16 00:46:04,479 - INFO - Starting training for 1 iterations
2025-02-16 00:46:04,480 - INFO - 
#################### Starting CFR Iteration 1 ####################
2025-02-16 00:46:04,480 - WARNING - Partial board: 1 cards
2025-02-16 00:46:04,481 - DEBUG - Agent player_0 State Features:
2025-02-16 00:46:04,481 - DEBUG - Hand Strength: 0.00
2025-02-16 00:46:04,481 - DEBUG - Pot Size: 3.0
2025-02-16 00:46:04,481 - DEBUG - Legal Actions: [0 1 3 4]
2025-02-16 00:46:04,482 - DEBUG - Network strategy: [0.34 0.21 0.   0.27 0.18]
2025-02-16 00:46:04,482 - INFO - Agent player_0 chose action 1 with probability 21.30%
2025-02-16 00:46:04,483 - WARNING - Partial board: 0 cards
2025-02-16 00:46:04,483 - DEBUG - Agent player_1 State Features:
2025-02-16 00:46:04,484 - DEBUG - Hand Strength: 0.00
2025-02-16 00:46:04,484 - DEBUG - Pot Size: 4.0
2025-02-16 00:46:04,484 - DEBUG - Legal Actions: [0 1 2 3 4]
2025-02-16 00:46:04,484 - INFO - Agent player_1 chose action 0 with probability 25.66%
2025-02-16 00:46:04,485 - DEBUG - Agent player_0 received terminal reward: 2
2025-02-16 00:46:04,485 - DEBUG - Agent player_0 - Game finished
2025-02-16 00:46:04,485 - DEBUG - Agent player_1 received terminal reward: -2
2025-02-16 00:46:04,485 - DEBUG - Agent player_1 - Game finished
2025-02-16 00:46:04,485 - DEBUG - Raw rewards from env: {}
2025-02-16 00:46:04,486 - DEBUG - Training agent: player_0
2025-02-16 00:46:04,486 - INFO - 
Final Results:
2025-02-16 00:46:04,486 - INFO - Player 0 Reward: 2
2025-02-16 00:46:04,486 - INFO - Player 1 Reward: -2
2025-02-16 00:46:04,486 - INFO - Final Pot Size: 3.0
2025-02-16 00:46:04,486 - INFO - Community Cards: []
2025-02-16 00:46:04,487 - INFO - #######################################################

2025-02-16 00:46:04,487 - DEBUG - Final reward for player_0: 2
2025-02-16 00:46:04,487 - DEBUG - Reach probabilities - Self: 1.0000, Opp: 1.0000
2025-02-16 00:46:04,487 - DEBUG - CF Value components - Reward: 2, rp_opp: 1.0, rp_self: 1.0
2025-02-16 00:46:04,487 - DEBUG - 
Decision 1:
2025-02-16 00:46:04,488 - DEBUG - State: Hand Strength 0.0, Pot Size 3.0
2025-02-16 00:46:04,488 - DEBUG - Strategy: [0.34 0.21 0.   0.27 0.18]
2025-02-16 00:46:04,488 - DEBUG - Action: 1 (Prob: 21.30%)
2025-02-16 00:46:04,488 - DEBUG - CF Value: 2.00
2025-02-16 00:46:04,488 - DEBUG - Immediate Regret: [-0.68  1.57 -0.   -0.54 -0.35]
2025-02-16 00:46:04,489 - DEBUG - Cumulative Regret Update: [0. 0. 0. 0. 0.] -> [-0.68  1.57  0.   -0.54 -0.35]
2025-02-16 00:46:04,489 - DEBUG - Updated cumulative strategy for state (0.0, 3.0)
2025-02-16 00:46:04,491 - INFO - Simulation completed
